\BOOKMARK [1][-]{section*.1}{\376\377\000R\000e\000s\000u\000m\000e\000n}{}% 1
\BOOKMARK [1][-]{section*.2}{\376\377\000A\000b\000s\000t\000r\000a\000c\000t}{}% 2
\BOOKMARK [1][-]{section.1}{\376\377\000G\000l\000o\000s\000a\000r\000i\000o}{}% 3
\BOOKMARK [1][-]{section*.3}{\376\377\000\315\000n\000d\000i\000c\000e\000\040\000d\000e\000\040\000F\000i\000g\000u\000r\000a\000s}{}% 4
\BOOKMARK [1][-]{section*.4}{\376\377\000\315\000n\000d\000i\000c\000e\000\040\000d\000e\000\040\000T\000a\000b\000l\000a\000s}{}% 5
\BOOKMARK [1][-]{section*.5}{\376\377\000I\000n\000t\000r\000o\000d\000u\000c\000c\000i\000\363\000n}{}% 6
\BOOKMARK [1][-]{section*.6}{\376\377\000C\000a\000p\000\355\000t\000u\000l\000o\000\040\0002\000:\000\040\000D\000e\000f\000i\000n\000i\000c\000i\000\363\000n\000\040\000d\000e\000l\000\040\000p\000r\000o\000b\000l\000e\000m\000a}{}% 7
\BOOKMARK [2][-]{subsection.2.1}{\376\377\000C\000o\000n\000t\000e\000x\000t\000o}{section*.6}% 8
\BOOKMARK [2][-]{subsection.2.2}{\376\377\000M\000a\000l\000l\000a\000s\000\040\000g\000e\000o\000m\000\351\000t\000r\000i\000c\000a\000s}{section*.6}% 9
\BOOKMARK [2][-]{subsection.2.3}{\376\377\000M\000a\000l\000l\000a\000s\000\040\000O\000c\000t\000r\000e\000e\000\040\000m\000i\000x\000t\000a\000s}{section*.6}% 10
\BOOKMARK [2][-]{subsection.2.4}{\376\377\000A\000c\000t\000u\000a\000l\000i\000d\000a\000d}{section*.6}% 11
\BOOKMARK [2][-]{subsection.2.5}{\376\377\000L\000i\000n\000e\000a\000m\000i\000e\000n\000t\000o}{section*.6}% 12
\BOOKMARK [2][-]{subsection.2.6}{\376\377\000O\000b\000j\000e\000t\000i\000v\000o\000s}{section*.6}% 13
\BOOKMARK [3][-]{subsubsection.2.6.1}{\376\377\000O\000b\000j\000e\000t\000i\000v\000o\000\040\000g\000e\000n\000e\000r\000a\000l}{subsection.2.6}% 14
\BOOKMARK [3][-]{subsubsection.2.6.2}{\376\377\000O\000b\000j\000e\000t\000i\000v\000o\000s\000\040\000e\000s\000p\000e\000c\000\355\000f\000i\000c\000o\000s}{subsection.2.6}% 15
\BOOKMARK [1][-]{section*.10}{\376\377\000C\000a\000p\000\355\000t\000u\000l\000o\000\040\0003\000:\000\040\000M\000a\000r\000c\000o\000\040\000c\000o\000n\000c\000e\000p\000t\000u\000a\000l}{}% 16
\BOOKMARK [2][-]{subsection.3.1}{\376\377\000M\000e\000d\000i\000d\000a\000\040\000d\000e\000\040\000c\000a\000l\000i\000d\000a\000d\000\040\000p\000a\000r\000a\000\040\000e\000l\000e\000m\000e\000n\000t\000o\000s\000\040\000e\000n\000\040\000M\000a\000l\000l\000a\000s\000\040\000M\000i\000x\000t\000a\000s}{section*.10}% 17
\BOOKMARK [2][-]{subsection.3.2}{\376\377\000M\000a\000l\000l\000a\000\040\000i\000n\000i\000c\000i\000a\000l}{section*.10}% 18
\BOOKMARK [2][-]{subsection.3.3}{\376\377\000H\000e\000r\000r\000a\000m\000i\000e\000n\000t\000a\000s}{section*.10}% 19
\BOOKMARK [3][-]{subsubsection.3.3.1}{\376\377\000M\000i\000x\000e\000d\000-\000e\000l\000e\000m\000e\000n\000t\000\040\000m\000e\000s\000h\000\040\000g\000e\000n\000e\000r\000a\000t\000o\000r}{subsection.3.3}% 20
\BOOKMARK [3][-]{subsubsection.3.3.2}{\376\377\000M\000i\000x\000e\000d\000-\000e\000l\000e\000m\000e\000n\000t\000\040\000J\000E\000N\000S\000\040\000s\000t\000a\000d\000i\000s\000t\000i\000c\000s\000\040\000g\000e\000n\000e\000r\000a\000t\000o\000r}{subsection.3.3}% 21
\BOOKMARK [3][-]{subsubsection.3.3.3}{\376\377\000P\000a\000r\000a\000V\000i\000e\000w}{subsection.3.3}% 22
\BOOKMARK [2][-]{subsection.3.4}{\376\377\000E\000s\000t\000r\000u\000c\000t\000u\000r\000a\000\040\000d\000e\000\040\000d\000a\000t\000o\000s}{section*.10}% 23
\BOOKMARK [3][-]{subsubsection.3.4.1}{\376\377\000A\000c\000e\000r\000c\000a\000m\000i\000e\000n\000t\000o\000\040\000a\000l\000\040\000a\000l\000g\000o\000r\000i\000t\000m\000o\000\040\000d\000e\000\040\000M\000i\000x\000e\000d\000-\000e\000l\000e\000m\000e\000n\000t\000\040\000m\000e\000s\000h\000\040\000g\000e\000n\000e\000r\000a\000t\000o\000r}{subsection.3.4}% 24
\BOOKMARK [1][-]{section*.14}{\376\377\000C\000a\000p\000\355\000t\000u\000l\000o\000\040\0004\000:\000\040\000P\000r\000o\000p\000u\000e\000s\000t\000a\000\040\000d\000e\000\040\000s\000o\000l\000u\000c\000i\000\363\000n}{}% 25
\BOOKMARK [2][-]{subsection.4.1}{\376\377\000C\000o\000m\000p\000r\000e\000n\000s\000i\000\363\000n\000\040\000d\000e\000l\000\040\000p\000r\000o\000b\000l\000e\000m\000a}{section*.14}% 26
\BOOKMARK [2][-]{subsection.4.2}{\376\377\000C\000o\000m\000p\000r\000e\000n\000s\000i\000\363\000n\000\040\000d\000e\000\040\000e\000l\000e\000m\000e\000n\000t\000o\000s\000\040\000i\000n\000v\000\341\000l\000i\000d\000o\000s}{section*.14}% 27
\BOOKMARK [2][-]{subsection.4.3}{\376\377\000A\000n\000\341\000l\000i\000s\000i\000s\000\040\000d\000e\000\040\000l\000a\000\040\000v\000e\000c\000i\000n\000d\000a\000d}{section*.14}% 28
\BOOKMARK [2][-]{subsection.4.4}{\376\377\000P\000r\000o\000p\000u\000e\000s\000t\000a}{section*.14}% 29
\BOOKMARK [3][-]{subsubsection.4.4.1}{\376\377\000G\000e\000n\000e\000r\000a\000c\000i\000\363\000n\000\040\000d\000e\000\040\000m\000a\000l\000l\000a\000\040\000i\000n\000i\000c\000i\000a\000l\000.}{subsection.4.4}% 30
\BOOKMARK [3][-]{subsubsection.4.4.2}{\376\377\000I\000d\000e\000n\000t\000i\000f\000i\000c\000a\000c\000i\000\363\000n\000\040\000y\000\040\000e\000t\000i\000q\000u\000e\000t\000a\000d\000o\000\040\000d\000e\000\040\000O\000c\000t\000a\000n\000t\000e\000s\000.}{subsection.4.4}% 31
\BOOKMARK [3][-]{subsubsection.4.4.3}{\376\377\000R\000e\000f\000i\000n\000a\000m\000i\000e\000n\000t\000o\000\040\000d\000e\000\040\000O\000c\000t\000a\000n\000t\000e\000s\000\040\000I\000d\000e\000n\000t\000i\000f\000i\000c\000a\000d\000o\000s\000.}{subsection.4.4}% 32
\BOOKMARK [3][-]{subsubsection.4.4.4}{\376\377\000C\000i\000c\000l\000o\000\040\000I\000t\000e\000r\000a\000t\000i\000v\000o\000\040\000d\000e\000\040\000E\000v\000a\000l\000u\000a\000c\000i\000\363\000n\000\040\000y\000\040\000R\000e\000f\000i\000n\000a\000m\000i\000e\000n\000t\000o\000.}{subsection.4.4}% 33
\BOOKMARK [1][-]{section*.20}{\376\377\000C\000a\000p\000\355\000t\000u\000l\000o\000\040\0005\000:\000\040\000V\000a\000l\000i\000d\000a\000c\000i\000\363\000n\000\040\000d\000e\000\040\000l\000a\000\040\000s\000o\000l\000u\000c\000i\000\363\000n}{}% 34
\BOOKMARK [2][-]{subsection.5.1}{\376\377\000S\000t\000a\000c\000k\000\040\000d\000e\000\040\000t\000e\000c\000n\000o\000l\000o\000g\000\355\000a\000s}{section*.20}% 35
\BOOKMARK [2][-]{subsection.5.2}{\376\377\000P\000r\000o\000c\000e\000s\000o\000\040\000d\000e\000\040\000a\000n\000\341\000l\000i\000s\000i\000s}{section*.20}% 36
\BOOKMARK [2][-]{subsection.5.3}{\376\377\000E\000j\000e\000c\000u\000c\000i\000\363\000n}{section*.20}% 37
\BOOKMARK [3][-]{subsubsection.5.3.1}{\376\377\000M\000a\000l\000l\000a\000\040\000d\000e\000\040\000c\000o\000r\000t\000e\000z\000a\000\040\000c\000e\000r\000e\000b\000r\000a\000l}{subsection.5.3}% 38
\BOOKMARK [3][-]{subsubsection.5.3.2}{\376\377\000M\000a\000l\000l\000a\000\040\000d\000e\000\040\000M\000o\000a\000i}{subsection.5.3}% 39
\BOOKMARK [3][-]{subsubsection.5.3.3}{\376\377\000M\000a\000l\000l\000a\000\040\000d\000e\000\040\000p\000a\000l\000a\000d\000a\000r}{subsection.5.3}% 40
\BOOKMARK [3][-]{subsubsection.5.3.4}{\376\377\000M\000a\000l\000l\000a\000\040\000d\000e\000\040\000c\000o\000x\000i\000s}{subsection.5.3}% 41
\BOOKMARK [2][-]{subsection.5.4}{\376\377\000R\000e\000s\000u\000l\000t\000a\000d\000o\000s}{section*.20}% 42
\BOOKMARK [3][-]{subsubsection.5.4.1}{\376\377\000A\000j\000u\000s\000t\000e\000\040\000d\000e\000\040\000l\000a\000\040\000c\000a\000n\000t\000i\000d\000a\000d\000\040\000d\000e\000\040\000i\000t\000e\000r\000a\000c\000i\000o\000n\000e\000s}{subsection.5.4}% 43
\BOOKMARK [2][-]{subsection.5.5}{\376\377\000A\000n\000\341\000l\000i\000s\000i\000s\000\040\000d\000e\000\040\000l\000o\000s\000\040\000r\000e\000s\000u\000l\000t\000a\000d\000o\000s}{section*.20}% 44
\BOOKMARK [3][-]{subsubsection.5.5.1}{\376\377\000\040\000A\000n\000\341\000l\000i\000s\000i\000s\000\040\000d\000e\000\040\000l\000a\000\040\000t\000a\000s\000a\000\040\000d\000e\000\040\000r\000e\000d\000u\000c\000c\000i\000\363\000n\000\040\000d\000e\000\040\000l\000a\000\040\000c\000a\000n\000t\000i\000d\000a\000d\000\040\000d\000e\000\040\000E\000l\000e\000m\000e\000n\000t\000o\000s\000\040\000p\000o\000r\000\040\000r\000e\000f\000i\000n\000a\000r\000\040\000e\000n\000\040\000c\000a\000d\000a\000\040\000i\000t\000e\000r\000a\000c\000i\000\363\000n\000\040}{subsection.5.5}% 45
\BOOKMARK [3][-]{subsubsection.5.5.2}{\376\377\000\040\000A\000n\000\341\000l\000i\000s\000i\000s\000\040\000d\000e\000l\000\040\000c\000o\000m\000p\000o\000r\000t\000a\000m\000i\000e\000n\000t\000o\000\040\000d\000e\000\040\000l\000o\000s\000\040\000E\000l\000e\000m\000e\000n\000t\000o\000s\000\040\000p\000o\000s\000i\000c\000i\000o\000n\000a\000d\000o\000s\000\040\000e\000n\000\040\000l\000a\000\040\000v\000e\000c\000i\000n\000d\000a\000d\000\040\000a\000\040\000l\000a\000s\000\040\000z\000o\000n\000a\000s\000\040\000r\000e\000f\000i\000n\000a\000d\000a\000s\000.}{subsection.5.5}% 46
\BOOKMARK [1][-]{section*.34}{\376\377\000C\000a\000p\000\355\000t\000u\000l\000o\000\040\0006\000:\000\040\000C\000o\000n\000c\000l\000u\000s\000i\000o\000n\000e\000s}{}% 47
\BOOKMARK [1][-]{section*.35}{\376\377\000A\000N\000E\000X\000O\000S}{}% 48
\BOOKMARK [1][-]{section*.36}{\376\377\000R\000e\000f\000e\000r\000e\000n\000c\000i\000a\000s\000\040\000B\000i\000b\000l\000i\000o\000g\000r\000\341\000f\000i\000c\000a\000s}{}% 49
